<?xml version="1.0" encoding="UTF-8"?>
<!-- Generated by org.testng.reporters.JUnitReportReporter -->
<testsuite hostname="DESKTOP-SBO3NDJ" name="com.automationexercise.testCases.TC_VerifyProductDetails_009" tests="1" failures="0" timestamp="29 May 2023 19:57:43 GMT" time="17.041" errors="0">
  <testcase name="countProductQtyInCart" time="17.041" classname="com.automationexercise.testCases.TC_VerifyProductDetails_009"/>
</testsuite> <!-- com.automationexercise.testCases.TC_VerifyProductDetails_009 -->
