<?xml version="1.0" encoding="UTF-8"?>
<!-- Generated by org.testng.reporters.JUnitReportReporter -->
<testsuite hostname="DESKTOP-SBO3NDJ" name="com.automationexercise.testCases.TC_SearchAndProductAddToCart_008" tests="4" failures="0" timestamp="30 May 2023 21:11:46 GMT" time="55.943" errors="0">
  <testcase name="productPageVerifySearchProductName" time="15.622" classname="com.automationexercise.testCases.TC_SearchAndProductAddToCart_008"/>
  <testcase name="productPageSearchProduct" time="14.224" classname="com.automationexercise.testCases.TC_SearchAndProductAddToCart_008"/>
  <testcase name="viewCartProduct" time="5.630" classname="com.automationexercise.testCases.TC_SearchAndProductAddToCart_008"/>
  <testcase name="clickAddToCart" time="20.467" classname="com.automationexercise.testCases.TC_SearchAndProductAddToCart_008"/>
</testsuite> <!-- com.automationexercise.testCases.TC_SearchAndProductAddToCart_008 -->
