<?xml version="1.0" encoding="UTF-8"?>
<!-- Generated by org.testng.reporters.JUnitReportReporter -->
<testsuite hostname="DESKTOP-SBO3NDJ" name="com.automationexercise.testCases.TC_ViewProductPage_VerifyProductDetails_010" tests="1" failures="0" timestamp="30 May 2023 21:11:46 GMT" time="6.868" errors="0">
  <testcase name="productDetail" time="6.868" classname="com.automationexercise.testCases.TC_ViewProductPage_VerifyProductDetails_010"/>
</testsuite> <!-- com.automationexercise.testCases.TC_ViewProductPage_VerifyProductDetails_010 -->
