<?xml version="1.0" encoding="UTF-8"?>
<!-- Generated by org.testng.reporters.JUnitReportReporter -->
<testsuite hostname="DESKTOP-SBO3NDJ" name="com.automationexercise.testCases.TC_VerifyAllProductsAndDetail_008" tests="2" failures="0" timestamp="29 May 2023 03:03:54 GMT" time="21.642" errors="0">
  <testcase name="viewCartProduct" time="3.731" classname="com.automationexercise.testCases.TC_VerifyAllProductsAndDetail_008"/>
  <testcase name="clickAddToCart" time="17.911" classname="com.automationexercise.testCases.TC_VerifyAllProductsAndDetail_008"/>
</testsuite> <!-- com.automationexercise.testCases.TC_VerifyAllProductsAndDetail_008 -->
