<?xml version="1.0" encoding="UTF-8"?>
<!-- Generated by org.testng.reporters.JUnitReportReporter -->
<testsuite hostname="DESKTOP-SBO3NDJ" name="com.automationexercise.testCases.TC_CorrectLogin_002" tests="1" failures="0" timestamp="30 May 2023 21:11:46 GMT" time="6.123" errors="0">
  <testcase name="correctLoginTest" time="6.123" classname="com.automationexercise.testCases.TC_CorrectLogin_002"/>
</testsuite> <!-- com.automationexercise.testCases.TC_CorrectLogin_002 -->
