<?xml version="1.0" encoding="UTF-8"?>
<!-- Generated by org.testng.reporters.JUnitReportReporter -->
<testsuite hostname="DESKTOP-SBO3NDJ" name="com.automationexercise.testCases.TC_InCorrectLogin_003" tests="1" failures="0" timestamp="30 May 2023 21:11:46 GMT" time="4.202" errors="0">
  <testcase name="inCorrectLoginTest" time="4.202" classname="com.automationexercise.testCases.TC_InCorrectLogin_003"/>
</testsuite> <!-- com.automationexercise.testCases.TC_InCorrectLogin_003 -->
