<?xml version="1.0" encoding="UTF-8"?>
<!-- Generated by org.testng.reporters.JUnitReportReporter -->
<testsuite hostname="DESKTOP-SBO3NDJ" name="com.automationexercise.testCases.TC_VerifyContactForm_006" tests="1" failures="0" timestamp="30 May 2023 21:11:46 GMT" time="13.388" errors="0">
  <testcase name="ContactPageTest" time="13.388" classname="com.automationexercise.testCases.TC_VerifyContactForm_006"/>
</testsuite> <!-- com.automationexercise.testCases.TC_VerifyContactForm_006 -->
